TN:
SF:src/services/constructorSlice.tsx
FN:19,addIngredient
FN:29,removeIngredient
FN:34,swapIngredient
FN:41,resetConstructor
FN:51,getConstructorState
FNF:5
FNH:5
FNDA:2,addIngredient
FNDA:1,removeIngredient
FNDA:1,swapIngredient
FNDA:1,resetConstructor
FNDA:1,getConstructorState
DA:1,1
DA:2,1
DA:3,1
DA:4,1
DA:5,1
DA:6,1
DA:7,1
DA:8,1
DA:9,1
DA:10,1
DA:11,1
DA:12,1
DA:13,1
DA:14,1
DA:15,1
DA:16,1
DA:17,1
DA:18,1
DA:19,1
DA:20,2
DA:21,2
DA:22,2
DA:23,2
DA:24,1
DA:25,1
DA:26,1
DA:27,1
DA:28,1
DA:29,1
DA:30,1
DA:31,1
DA:32,1
DA:33,1
DA:34,1
DA:35,1
DA:36,1
DA:37,1
DA:38,1
DA:39,1
DA:40,1
DA:41,1
DA:42,1
DA:43,1
DA:44,1
DA:45,1
DA:46,1
DA:47,1
DA:48,1
DA:49,1
DA:50,1
DA:51,1
DA:52,1
DA:53,1
LF:53
LH:53
BRDA:19,0,0,2
BRDA:23,1,0,1
BRDA:29,2,0,1
BRDA:31,3,0,2
BRDA:34,4,0,1
BRDA:41,5,0,1
BRDA:51,6,0,1
BRF:7
BRH:7
end_of_record
TN:
SF:src/services/feedSlice.tsx
FN:31,extraReducers
FN:49,selectOrders
FN:50,selectFeedInfo
FN:51,selectLoadingStatus
FN:52,selectError
FNF:5
FNH:5
FNDA:1,extraReducers
FNDA:1,selectOrders
FNDA:1,selectFeedInfo
FNDA:1,selectLoadingStatus
FNDA:1,selectError
DA:1,1
DA:2,1
DA:3,1
DA:4,1
DA:5,1
DA:6,1
DA:7,1
DA:8,1
DA:9,1
DA:10,1
DA:11,1
DA:12,1
DA:13,1
DA:14,1
DA:15,1
DA:16,1
DA:17,1
DA:18,1
DA:19,1
DA:20,1
DA:21,1
DA:22,1
DA:23,1
DA:24,1
DA:25,1
DA:26,1
DA:27,1
DA:28,1
DA:29,1
DA:30,1
DA:31,1
DA:32,1
DA:33,1
DA:34,1
DA:35,1
DA:36,1
DA:37,1
DA:38,2
DA:39,2
DA:40,2
DA:41,2
DA:42,1
DA:43,1
DA:44,1
DA:45,1
DA:46,1
DA:47,1
DA:48,1
DA:49,1
DA:50,1
DA:51,1
DA:52,1
DA:53,1
DA:54,1
DA:55,1
DA:56,1
DA:57,1
DA:58,1
LF:58
LH:58
BRDA:31,0,0,1
BRDA:33,1,0,1
BRDA:37,2,0,2
BRDA:43,3,0,1
BRDA:49,4,0,1
BRDA:50,5,0,1
BRDA:51,6,0,1
BRDA:52,7,0,1
BRF:8
BRH:8
end_of_record
TN:
SF:src/services/ingredientSlice.tsx
FN:20,extraReducers
FN:36,get
FN:37,getBuns
FN:38,getMains
FN:39,getSauces
FN:40,isLoading
FN:41,error
FNF:7
FNH:7
FNDA:1,extraReducers
FNDA:1,get
FNDA:1,getBuns
FNDA:1,getMains
FNDA:1,getSauces
FNDA:1,isLoading
FNDA:1,error
DA:1,1
DA:2,1
DA:3,1
DA:4,1
DA:5,1
DA:6,1
DA:7,1
DA:8,1
DA:9,1
DA:10,1
DA:11,1
DA:12,1
DA:13,1
DA:14,1
DA:15,1
DA:16,1
DA:17,1
DA:18,1
DA:19,1
DA:20,1
DA:21,1
DA:22,1
DA:23,1
DA:24,1
DA:25,1
DA:26,1
DA:27,1
DA:28,1
DA:29,1
DA:30,1
DA:31,1
DA:32,1
DA:33,1
DA:34,1
DA:35,1
DA:36,1
DA:37,1
DA:38,1
DA:39,1
DA:40,1
DA:41,1
DA:42,1
DA:43,1
DA:44,1
DA:45,1
LF:45
LH:45
BRDA:20,0,0,1
BRDA:22,1,0,1
BRDA:26,2,0,1
BRDA:30,3,0,1
BRDA:36,4,0,1
BRDA:37,5,0,1
BRDA:37,6,0,1
BRDA:38,7,0,1
BRDA:38,8,0,2
BRDA:39,9,0,1
BRDA:39,10,0,1
BRDA:40,11,0,1
BRDA:41,12,0,1
BRF:13
BRH:13
end_of_record
TN:
SF:src/services/orderSlice.tsx
FN:37,clearConstructorOrder
FN:42,extraReducers
FN:86,getOrderByNumber
FN:87,getUserOrders
FN:88,getConstructorOrder
FN:89,isLoadingByNumber
FN:90,isLoadingUserOrders
FN:91,isLoadingConstructorOrder
FN:92,errorByNumber
FN:93,userOrdersError
FNF:10
FNH:10
FNDA:1,clearConstructorOrder
FNDA:1,extraReducers
FNDA:1,getOrderByNumber
FNDA:1,getUserOrders
FNDA:1,getConstructorOrder
FNDA:1,isLoadingByNumber
FNDA:1,isLoadingUserOrders
FNDA:1,isLoadingConstructorOrder
FNDA:1,errorByNumber
FNDA:1,userOrdersError
DA:1,1
DA:2,1
DA:3,1
DA:4,1
DA:5,1
DA:6,1
DA:7,1
DA:8,1
DA:9,1
DA:10,1
DA:11,1
DA:12,1
DA:13,1
DA:14,1
DA:15,1
DA:16,1
DA:17,1
DA:18,1
DA:19,1
DA:20,1
DA:21,1
DA:22,1
DA:23,1
DA:24,1
DA:25,1
DA:26,1
DA:27,1
DA:28,1
DA:29,1
DA:30,1
DA:31,1
DA:32,1
DA:33,1
DA:34,1
DA:35,1
DA:36,1
DA:37,1
DA:38,1
DA:39,1
DA:40,1
DA:41,1
DA:42,1
DA:43,1
DA:44,1
DA:45,1
DA:46,1
DA:47,1
DA:48,1
DA:49,1
DA:50,1
DA:51,1
DA:52,1
DA:53,1
DA:54,1
DA:55,1
DA:56,1
DA:57,1
DA:58,1
DA:59,1
DA:60,1
DA:61,1
DA:62,1
DA:63,0
DA:64,0
DA:65,1
DA:66,1
DA:67,1
DA:68,1
DA:69,1
DA:70,1
DA:71,1
DA:72,1
DA:73,1
DA:74,1
DA:75,1
DA:76,1
DA:77,1
DA:78,1
DA:79,1
DA:80,1
DA:81,1
DA:82,1
DA:83,1
DA:84,1
DA:85,1
DA:86,1
DA:87,1
DA:88,1
DA:89,1
DA:90,1
DA:91,1
DA:92,1
DA:93,1
DA:94,1
DA:95,1
DA:96,1
DA:97,1
DA:98,1
LF:98
LH:96
BRDA:37,0,0,1
BRDA:42,1,0,1
BRDA:44,2,0,1
BRDA:48,3,0,1
BRDA:52,4,0,1
BRDA:58,5,0,1
BRDA:66,6,0,1
BRDA:72,7,0,1
BRDA:76,8,0,1
BRDA:80,9,0,1
BRDA:86,10,0,1
BRDA:87,11,0,1
BRDA:88,12,0,1
BRDA:89,13,0,1
BRDA:90,14,0,1
BRDA:91,15,0,1
BRDA:92,16,0,1
BRDA:93,17,0,1
BRF:18
BRH:18
end_of_record
TN:
SF:src/services/store.ts
FN:31,useDispatch
FNF:1
FNH:0
FNDA:0,useDispatch
DA:1,1
DA:2,1
DA:3,1
DA:4,1
DA:5,1
DA:6,1
DA:7,1
DA:8,1
DA:9,1
DA:10,1
DA:11,1
DA:12,1
DA:13,1
DA:14,1
DA:15,1
DA:16,1
DA:17,1
DA:18,1
DA:19,1
DA:20,1
DA:21,1
DA:22,1
DA:23,1
DA:24,1
DA:25,1
DA:26,1
DA:27,1
DA:28,1
DA:29,1
DA:30,1
DA:31,1
DA:32,1
DA:33,1
DA:34,1
LF:34
LH:34
BRF:0
BRH:0
end_of_record
TN:
SF:src/services/userSlice.tsx
FN:33,extraReducers
FN:115,getUser
FN:116,isLoading
FN:117,isAuthorized
FN:118,loginError
FN:119,isLoadingLogin
FNF:6
FNH:6
FNDA:1,extraReducers
FNDA:1,getUser
FNDA:1,isLoading
FNDA:1,isAuthorized
FNDA:1,loginError
FNDA:1,isLoadingLogin
DA:1,1
DA:2,1
DA:3,1
DA:4,1
DA:5,1
DA:6,1
DA:7,1
DA:8,1
DA:9,1
DA:10,1
DA:11,1
DA:12,1
DA:13,1
DA:14,1
DA:15,1
DA:16,1
DA:17,1
DA:18,1
DA:19,1
DA:20,1
DA:21,1
DA:22,1
DA:23,1
DA:24,1
DA:25,1
DA:26,1
DA:27,1
DA:28,1
DA:29,1
DA:30,1
DA:31,1
DA:32,1
DA:33,1
DA:34,1
DA:35,1
DA:36,1
DA:37,1
DA:38,1
DA:39,1
DA:40,1
DA:41,1
DA:42,1
DA:43,1
DA:44,1
DA:45,1
DA:46,1
DA:47,1
DA:48,1
DA:49,1
DA:50,1
DA:51,1
DA:52,1
DA:53,1
DA:54,1
DA:55,1
DA:56,1
DA:57,1
DA:58,1
DA:59,1
DA:60,1
DA:61,1
DA:62,1
DA:63,1
DA:64,1
DA:65,1
DA:66,1
DA:67,1
DA:68,1
DA:69,1
DA:70,1
DA:71,1
DA:72,1
DA:73,1
DA:74,1
DA:75,1
DA:76,1
DA:77,1
DA:78,1
DA:79,1
DA:80,1
DA:81,1
DA:82,1
DA:83,1
DA:84,0
DA:85,0
DA:86,1
DA:87,1
DA:88,1
DA:89,1
DA:90,1
DA:91,1
DA:92,1
DA:93,1
DA:94,1
DA:95,1
DA:96,1
DA:97,1
DA:98,0
DA:99,0
DA:100,1
DA:101,1
DA:102,1
DA:103,1
DA:104,1
DA:105,1
DA:106,1
DA:107,1
DA:108,1
DA:109,1
DA:110,0
DA:111,0
DA:112,1
DA:113,1
DA:114,1
DA:115,1
DA:116,1
DA:117,1
DA:118,1
DA:119,1
DA:120,1
DA:121,1
DA:122,1
DA:123,1
LF:123
LH:117
BRDA:33,0,0,1
BRDA:35,1,0,1
BRDA:39,2,0,1
BRDA:44,3,0,1
BRDA:51,4,0,1
BRDA:55,5,0,1
BRDA:60,6,0,1
BRDA:67,7,0,1
BRDA:71,8,0,1
BRDA:76,9,0,1
BRDA:87,10,0,1
BRDA:91,11,0,1
BRDA:101,12,0,1
BRDA:115,13,0,1
BRDA:116,14,0,1
BRDA:117,15,0,1
BRDA:118,16,0,1
BRDA:119,17,0,1
BRF:18
BRH:18
end_of_record
